[2024-11-28 12:37:29] Peer node 111 started on localhost:5562
[2024-11-28 12:37:29] Received message from ('127.0.0.1', 65097): {"command": "route", "target_node_id": "111", "original_request": {"command": "remove_offline_node", "online_node": "110"}}
[2024-11-28 12:37:29] Removed node: 110 from offiline nodes set because it came online set()
[2024-11-28 12:37:29] Received message from ('127.0.0.1', 65098): {"command": "route", "target_node_id": "111", "original_request": {"command": "remove_offline_node", "online_node": "100"}}
[2024-11-28 12:37:29] Removed node: 100 from offiline nodes set because it came online set()
[2024-11-28 12:37:30] Received message from ('::1', 65118, 0, 0): {"command": "route", "target_node_id": "110", "original_request": {"command": "remove_offline_node", "online_node": "111"}}
[2024-11-28 12:37:30] Received message from ('::1', 65120, 0, 0): {"command": "route", "target_node_id": "111", "original_request": {"command": "remove_offline_node", "online_node": "111"}}
[2024-11-28 12:37:30] Removed node: 111 from offiline nodes set because it came online set()
[2024-11-28 12:37:30] Received message from ('::1', 65132, 0, 0): {"command": "route", "target_node_id": "110", "original_request": {"command": "remove_offline_node", "online_node": "011"}}
[2024-11-28 12:37:30] Received message from ('::1', 65135, 0, 0): {"command": "route", "target_node_id": "111", "original_request": {"command": "remove_offline_node", "online_node": "011"}}
[2024-11-28 12:37:30] Removed node: 011 from offiline nodes set because it came online set()
[2024-11-28 12:37:31] Received message from ('::1', 65145, 0, 0): {"command": "route", "target_node_id": "100", "original_request": {"command": "remove_offline_node", "online_node": "111"}}
[2024-11-28 12:37:31] Received message from ('::1', 65148, 0, 0): {"command": "route", "target_node_id": "101", "original_request": {"command": "remove_offline_node", "online_node": "111"}}
[2024-11-28 12:37:31] Received message from ('::1', 65150, 0, 0): {"command": "route", "target_node_id": "110", "original_request": {"command": "remove_offline_node", "online_node": "111"}}
[2024-11-28 12:37:31] Received message from ('::1', 65152, 0, 0): {"command": "route", "target_node_id": "111", "original_request": {"command": "remove_offline_node", "online_node": "111"}}
[2024-11-28 12:37:31] Removed node: 111 from offiline nodes set because it came online set()
[2024-11-28 12:37:33] Received message from ('::1', 65158, 0, 0): {"command": "route", "target_node_id": "111", "original_request": {"command": "replicate_topic", "topic": "sports", "primary_node_id": "110", "neighbors": ["111", "100", "010"]}}
[2024-11-28 12:37:33] Replicated topic 'sports' on node 111
[2024-11-28 12:37:33] Received message from ('::1', 65171, 0, 0): {"command": "route", "target_node_id": "110", "original_request": {"command": "subscribe_to_peer", "topic": "sports", "subscriber_host": "localhost", "subscriber_port": 5558, "subscriber_node_id": "011"}}
[2024-11-28 12:37:33] Received message from ('::1', 65172, 0, 0): {"command": "route", "target_node_id": "111", "original_request": {"command": "replicate_subscriber", "topic": "sports", "subscriber_host": "localhost", "subscriber_port": 5557, "subscriber_node_id": "010"}}
[2024-11-28 12:37:33] Replicated subscriber to topic: sports and the table is {'sports': {('localhost', 5557, '010')}}
[2024-11-28 12:37:33] Received message from ('::1', 65178, 0, 0): {"command": "route", "target_node_id": "111", "original_request": {"command": "replicate_subscriber", "topic": "sports", "subscriber_host": "localhost", "subscriber_port": 5558, "subscriber_node_id": "011"}}
[2024-11-28 12:37:33] Replicated subscriber to topic: sports and the table is {'sports': {('localhost', 5558, '011'), ('localhost', 5557, '010')}}
[2024-11-28 12:37:33] Received message from ('::1', 65188, 0, 0): {"command": "route", "target_node_id": "110", "original_request": {"command": "subscribe_to_peer", "topic": "sports", "subscriber_host": "localhost", "subscriber_port": 5556, "subscriber_node_id": "001"}}
[2024-11-28 12:37:33] Received message from ('::1', 65192, 0, 0): {"command": "route", "target_node_id": "111", "original_request": {"command": "replicate_subscriber", "topic": "sports", "subscriber_host": "localhost", "subscriber_port": 5556, "subscriber_node_id": "001"}}
[2024-11-28 12:37:33] Replicated subscriber to topic: sports and the table is {'sports': {('localhost', 5558, '011'), ('localhost', 5557, '010'), ('localhost', 5556, '001')}}
[2024-11-28 12:37:38] Received message from ('::1', 65317, 0, 0): {"command": "route", "target_node_id": "110", "original_request": {"command": "remove_offline_node", "online_node": "000"}}
[2024-11-28 12:37:38] Received message from ('::1', 65320, 0, 0): {"command": "route", "target_node_id": "111", "original_request": {"command": "remove_offline_node", "online_node": "000"}}
[2024-11-28 12:37:38] Removed node: 000 from offiline nodes set because it came online set()
[2024-11-28 12:43:42] Received message from ('::1', 3183, 0, 0): {"command": "route", "target_node_id": "111", "original_request": {"command": "add_offline_node", "failed_node": "000"}}
[2024-11-28 12:43:42] Added Failed node to offline nodes set : 000, {'000'}
[2024-11-28 12:43:45] Received message from ('::1', 3190, 0, 0): {"command": "route", "target_node_id": "100", "original_request": {"command": "add_offline_node", "failed_node": "001"}}
[2024-11-28 12:43:45] Received message from ('::1', 3193, 0, 0): {"command": "route", "target_node_id": "101", "original_request": {"command": "add_offline_node", "failed_node": "001"}}
[2024-11-28 12:43:45] Received message from ('::1', 3195, 0, 0): {"command": "route", "target_node_id": "110", "original_request": {"command": "add_offline_node", "failed_node": "001"}}
[2024-11-28 12:43:45] Received message from ('::1', 3197, 0, 0): {"command": "route", "target_node_id": "111", "original_request": {"command": "add_offline_node", "failed_node": "001"}}
[2024-11-28 12:43:45] Added Failed node to offline nodes set : 001, {'000', '001'}
[2024-11-28 12:43:46] Received message from ('::1', 3211, 0, 0): {"command": "route", "target_node_id": "111", "original_request": {"command": "add_offline_node", "failed_node": "000"}}
[2024-11-28 12:43:46] Added Failed node to offline nodes set : 000, {'000', '001'}
[2024-11-28 12:43:47] Received message from ('::1', 3213, 0, 0): {"command": "route", "target_node_id": "110", "original_request": {"command": "add_offline_node", "failed_node": "001"}}
[2024-11-28 12:43:47] Received message from ('::1', 3215, 0, 0): {"command": "route", "target_node_id": "111", "original_request": {"command": "add_offline_node", "failed_node": "001"}}
[2024-11-28 12:43:47] Added Failed node to offline nodes set : 001, {'000', '001'}
[2024-11-28 12:45:36] Peer node 111 shut down.
