[2024-11-28 12:37:15] Peer node 011 started on localhost:5558
[2024-11-28 12:37:17] Received message from ('::1', 65018, 0, 0): {"command": "route", "target_node_id": "011", "original_request": {"command": "add_offline_node", "failed_node": "100"}}
[2024-11-28 12:37:17] Added Failed node to offline nodes set : 100, {'100'}
[2024-11-28 12:37:19] Added Failed node to offline nodes set : 111, {'111', '100'}
[2024-11-28 12:37:19] Node 111 went offline going into handle failure node
[2024-11-28 12:37:19] Handling failure of node: 111
[2024-11-28 12:37:19] Error in heartbeat function: [WinError 1225] The remote computer refused the network connection
[2024-11-28 12:37:20] Received message from ('::1', 65033, 0, 0): {"command": "route", "target_node_id": "011", "original_request": {"command": "add_offline_node", "failed_node": "110"}}
[2024-11-28 12:37:20] Added Failed node to offline nodes set : 110, {'111', '100', '110'}
[2024-11-28 12:37:21] Received message from ('::1', 65043, 0, 0): {"command": "route", "target_node_id": "011", "original_request": {"command": "remove_offline_node", "online_node": "100"}}
[2024-11-28 12:37:21] Removed node: 100 from offiline nodes set because it came online {'111', '110'}
[2024-11-28 12:37:25] Received message from ('::1', 65073, 0, 0): {"command": "route", "target_node_id": "011", "original_request": {"command": "remove_offline_node", "online_node": "110"}}
[2024-11-28 12:37:25] Removed node: 110 from offiline nodes set because it came online {'111'}
[2024-11-28 12:37:30] Received message from ('::1', 65125, 0, 0): {"command": "route", "target_node_id": "010", "original_request": {"command": "remove_offline_node", "online_node": "011"}}
[2024-11-28 12:37:30] Received message from ('::1', 65127, 0, 0): {"command": "route", "target_node_id": "011", "original_request": {"command": "remove_offline_node", "online_node": "011"}}
[2024-11-28 12:37:30] Removed node: 011 from offiline nodes set because it came online {'111'}
[2024-11-28 12:37:31] Removed node: 111 from offiline nodes set because it came online set()
[2024-11-28 12:37:31] Node 111 that went offline came back online
[2024-11-28 12:37:33] Received message from ('::1', 65166, 0, 0): {"command": "subscribe", "topic": "sports"}
[2024-11-28 12:37:33] Primary for topic 'sports' not found locally. Forwarding request to neighbors.
[2024-11-28 12:37:33] Topic node in susbcribe function is: 110
[2024-11-28 12:37:33] Received message from ('::1', 65181, 0, 0): {"command": "find_primary", "topic": "sports"}
[2024-11-28 12:37:33] Primary for topic 'sports' not found locally. Forwarding request to neighbors.
[2024-11-28 12:37:33] Received message from ('::1', 65204, 0, 0): {"command": "find_primary", "topic": "sports"}
[2024-11-28 12:37:35] Received message from ('::1', 65239, 0, 0): {"command": "receive_message", "topic": "sports", "message": "Team A won!"}
[2024-11-28 12:37:35] Received message on topic 'sports': Team A won!
[2024-11-28 12:37:36] Received message from ('::1', 65255, 0, 0): {"command": "receive_message", "topic": "sports", "message": "Game scheduled for tomorrow."}
[2024-11-28 12:37:36] Received message on topic 'sports': Game scheduled for tomorrow.
[2024-11-28 12:37:37] Primary for topic 'sports' not found locally. Forwarding request to neighbors.
[2024-11-28 12:37:37] Received message from ('::1', 65280, 0, 0): {"command": "find_primary", "topic": "sports"}
[2024-11-28 12:37:37] Received message from ('::1', 65291, 0, 0): {"command": "receive_message", "topic": "sports", "message": "Exciting match ahead!"}
[2024-11-28 12:37:37] Received message on topic 'sports': Exciting match ahead!
[2024-11-28 12:37:38] Received message from ('::1', 65308, 0, 0): {"command": "add_offline_node", "failed_node": "000"}
[2024-11-28 12:37:38] Added Failed node to offline nodes set : 000, {'000'}
[2024-11-28 12:37:38] Received message from ('::1', 65310, 0, 0): {"command": "route", "target_node_id": "010", "original_request": {"command": "remove_offline_node", "online_node": "000"}}
[2024-11-28 12:37:38] Received message from ('::1', 65312, 0, 0): {"command": "route", "target_node_id": "011", "original_request": {"command": "remove_offline_node", "online_node": "000"}}
[2024-11-28 12:37:38] Removed node: 000 from offiline nodes set because it came online set()
[2024-11-28 12:37:41] Primary for topic 'sports' not found locally. Forwarding request to neighbors.
[2024-11-28 12:37:41] Received message from ('::1', 65345, 0, 0): {"command": "find_primary", "topic": "sports"}
[2024-11-28 12:37:43] Received message from ('::1', 65376, 0, 0): {"command": "receive_message", "topic": "sports", "message": "New primary works!"}
[2024-11-28 12:37:43] Received message on topic 'sports': New primary works!
[2024-11-28 12:37:44] Received message from ('::1', 65392, 0, 0): {"command": "receive_message", "topic": "sports", "message": "Match postponed."}
[2024-11-28 12:37:44] Received message on topic 'sports': Match postponed.
[2024-11-28 12:37:45] Primary for topic 'sports' not found locally. Forwarding request to neighbors.
[2024-11-28 12:37:45] Received message from ('::1', 65413, 0, 0): {"command": "find_primary", "topic": "sports"}
[2024-11-28 12:37:49] Primary for topic 'sports' not found locally. Forwarding request to neighbors.
[2024-11-28 12:37:49] Received message from ('::1', 65455, 0, 0): {"command": "find_primary", "topic": "sports"}
[2024-11-28 12:43:41] Failed to route message to 001: [WinError 1225] The remote computer refused the network connection
[2024-11-28 12:43:42] Received message from ('::1', 3175, 0, 0): {"command": "route", "target_node_id": "011", "original_request": {"command": "add_offline_node", "failed_node": "000"}}
[2024-11-28 12:43:42] Added Failed node to offline nodes set : 000, {'000'}
[2024-11-28 12:43:45] Failed to route message to 001: [WinError 1225] The remote computer refused the network connection
[2024-11-28 12:43:45] Added Failed node to offline nodes set : 001, {'001', '000'}
[2024-11-28 12:43:45] Node 001 went offline going into handle failure node
[2024-11-28 12:43:45] Handling failure of node: 001
[2024-11-28 12:45:29] Peer node 011 shut down.
