[2024-11-28 12:37:05] Peer node 000 started on localhost:5555
[2024-11-28 12:37:12] Received message from ('::1', 64999, 0, 0): {"command": "route", "target_node_id": "000", "original_request": {"command": "add_offline_node", "failed_node": "011"}}
[2024-11-28 12:37:12] Added Failed node to offline nodes set : 011, {'011'}
[2024-11-28 12:37:17] Added Failed node to offline nodes set : 100, {'011', '100'}
[2024-11-28 12:37:17] Node 100 went offline going into handle failure node
[2024-11-28 12:37:17] Handling failure of node: 100
[2024-11-28 12:37:17] Error in heartbeat function: [WinError 1225] The remote computer refused the network connection
[2024-11-28 12:37:19] Received message from ('::1', 65027, 0, 0): {"command": "route", "target_node_id": "000", "original_request": {"command": "add_offline_node", "failed_node": "111"}}
[2024-11-28 12:37:19] Added Failed node to offline nodes set : 111, {'111', '011', '100'}
[2024-11-28 12:37:20] Received message from ('::1', 65030, 0, 0): {"command": "route", "target_node_id": "000", "original_request": {"command": "add_offline_node", "failed_node": "110"}}
[2024-11-28 12:37:20] Added Failed node to offline nodes set : 110, {'111', '011', '100', '110'}
[2024-11-28 12:37:20] Received message from ('::1', 65031, 0, 0): {"command": "route", "target_node_id": "001", "original_request": {"command": "add_offline_node", "failed_node": "110"}}
[2024-11-28 12:37:21] Removed node: 100 from offiline nodes set because it came online {'111', '011', '110'}
[2024-11-28 12:37:25] Received message from ('::1', 65070, 0, 0): {"command": "route", "target_node_id": "000", "original_request": {"command": "remove_offline_node", "online_node": "110"}}
[2024-11-28 12:37:25] Removed node: 110 from offiline nodes set because it came online {'111', '011'}
[2024-11-28 12:37:25] Received message from ('::1', 65071, 0, 0): {"command": "route", "target_node_id": "001", "original_request": {"command": "remove_offline_node", "online_node": "110"}}
[2024-11-28 12:37:26] Received message from ('::1', 65087, 0, 0): {"command": "route", "target_node_id": "000", "original_request": {"command": "add_offline_node", "failed_node": "111"}}
[2024-11-28 12:37:26] Added Failed node to offline nodes set : 111, {'111', '011'}
[2024-11-28 12:37:29] Node 100 that went offline came back online
[2024-11-28 12:37:30] Received message from ('::1', 65113, 0, 0): {"command": "route", "target_node_id": "000", "original_request": {"command": "remove_offline_node", "online_node": "111"}}
[2024-11-28 12:37:30] Removed node: 111 from offiline nodes set because it came online {'011'}
[2024-11-28 12:37:30] Received message from ('::1', 65124, 0, 0): {"command": "route", "target_node_id": "000", "original_request": {"command": "remove_offline_node", "online_node": "011"}}
[2024-11-28 12:37:30] Removed node: 011 from offiline nodes set because it came online set()
[2024-11-28 12:37:31] Received message from ('::1', 65142, 0, 0): {"command": "route", "target_node_id": "000", "original_request": {"command": "remove_offline_node", "online_node": "111"}}
[2024-11-28 12:37:31] Removed node: 111 from offiline nodes set because it came online set()
[2024-11-28 12:37:33] Received message from ('::1', 65155, 0, 0): {"command": "create_topic", "topic": "sports"}
[2024-11-28 12:37:33] Neighbor id in create topic else part function is: 110
[2024-11-28 12:37:33] Received message from ('::1', 65168, 0, 0): {"command": "find_primary", "topic": "sports"}
[2024-11-28 12:37:33] Received message from ('::1', 65173, 0, 0): {"command": "find_primary", "topic": "sports", "ttl": 3}
[2024-11-28 12:37:33] Received message from ('::1', 65177, 0, 0): {"command": "find_primary", "topic": "sports", "ttl": 1}
[2024-11-28 12:37:33] Received message from ('::1', 65198, 0, 0): {"command": "find_primary", "topic": "sports"}
[2024-11-28 12:37:33] Received message from ('::1', 65200, 0, 0): {"command": "find_primary", "topic": "sports", "ttl": 3}
[2024-11-28 12:37:33] Received message from ('::1', 65202, 0, 0): {"command": "find_primary", "topic": "sports", "ttl": 1}
[2024-11-28 12:37:35] Received message from ('::1', 65228, 0, 0): {"command": "publish", "topic": "sports", "message": "Team A won!"}
[2024-11-28 12:37:35] Primary for topic 'sports' not found locally. Forwarding request to neighbors.
[2024-11-28 12:37:35] Received message from ('::1', 65230, 0, 0): {"command": "find_primary", "topic": "sports", "ttl": 4}
[2024-11-28 12:37:35] Received message from ('::1', 65232, 0, 0): {"command": "find_primary", "topic": "sports", "ttl": 2}
[2024-11-28 12:37:35] Received message from ('::1', 65234, 0, 0): {"command": "find_primary", "topic": "sports", "ttl": 0}
[2024-11-28 12:37:35] Topic Node id in publish function is: 110
[2024-11-28 12:37:36] Received message from ('::1', 65244, 0, 0): {"command": "publish", "topic": "sports", "message": "Game scheduled for tomorrow."}
[2024-11-28 12:37:36] Primary for topic 'sports' not found locally. Forwarding request to neighbors.
[2024-11-28 12:37:36] Received message from ('::1', 65246, 0, 0): {"command": "find_primary", "topic": "sports", "ttl": 4}
[2024-11-28 12:37:36] Received message from ('::1', 65248, 0, 0): {"command": "find_primary", "topic": "sports", "ttl": 2}
[2024-11-28 12:37:36] Received message from ('::1', 65250, 0, 0): {"command": "find_primary", "topic": "sports", "ttl": 0}
[2024-11-28 12:37:36] Topic Node id in publish function is: 110
[2024-11-28 12:37:37] Received message from ('::1', 65266, 0, 0): {"command": "publish", "topic": "sports", "message": "Exciting match ahead!"}
[2024-11-28 12:37:37] Primary for topic 'sports' not found locally. Forwarding request to neighbors.
[2024-11-28 12:37:37] Received message from ('::1', 65268, 0, 0): {"command": "find_primary", "topic": "sports"}
[2024-11-28 12:37:37] Received message from ('::1', 65271, 0, 0): {"command": "find_primary", "topic": "sports", "ttl": 4}
[2024-11-28 12:37:37] Received message from ('::1', 65272, 0, 0): {"command": "find_primary", "topic": "sports", "ttl": 3}
[2024-11-28 12:37:37] Received message from ('::1', 65275, 0, 0): {"command": "find_primary", "topic": "sports", "ttl": 2}
[2024-11-28 12:37:37] Received message from ('::1', 65276, 0, 0): {"command": "find_primary", "topic": "sports", "ttl": 1}
[2024-11-28 12:37:37] Received message from ('::1', 65279, 0, 0): {"command": "find_primary", "topic": "sports", "ttl": 0}
[2024-11-28 12:37:37] Topic Node id in publish function is: 110
[2024-11-28 12:37:41] Received message from ('::1', 65334, 0, 0): {"command": "find_primary", "topic": "sports"}
[2024-11-28 12:37:41] Received message from ('::1', 65340, 0, 0): {"command": "find_primary", "topic": "sports", "ttl": 3}
[2024-11-28 12:37:41] Received message from ('::1', 65343, 0, 0): {"command": "find_primary", "topic": "sports", "ttl": 1}
[2024-11-28 12:37:43] Received message from ('::1', 65365, 0, 0): {"command": "publish", "topic": "sports", "message": "New primary works!"}
[2024-11-28 12:37:43] Primary for topic 'sports' not found locally. Forwarding request to neighbors.
[2024-11-28 12:37:43] Received message from ('::1', 65367, 0, 0): {"command": "find_primary", "topic": "sports", "ttl": 4}
[2024-11-28 12:37:43] Received message from ('::1', 65369, 0, 0): {"command": "find_primary", "topic": "sports", "ttl": 2}
[2024-11-28 12:37:43] Received message from ('::1', 65371, 0, 0): {"command": "find_primary", "topic": "sports", "ttl": 0}
[2024-11-28 12:37:43] Topic Node id in publish function is: 110
[2024-11-28 12:37:44] Received message from ('::1', 65381, 0, 0): {"command": "publish", "topic": "sports", "message": "Match postponed."}
[2024-11-28 12:37:44] Primary for topic 'sports' not found locally. Forwarding request to neighbors.
[2024-11-28 12:37:44] Received message from ('::1', 65383, 0, 0): {"command": "find_primary", "topic": "sports", "ttl": 4}
[2024-11-28 12:37:44] Received message from ('::1', 65385, 0, 0): {"command": "find_primary", "topic": "sports", "ttl": 2}
[2024-11-28 12:37:44] Received message from ('::1', 65387, 0, 0): {"command": "find_primary", "topic": "sports", "ttl": 0}
[2024-11-28 12:37:44] Topic Node id in publish function is: 110
[2024-11-28 12:37:45] Received message from ('::1', 65405, 0, 0): {"command": "find_primary", "topic": "sports"}
[2024-11-28 12:37:45] Received message from ('::1', 65408, 0, 0): {"command": "find_primary", "topic": "sports", "ttl": 3}
[2024-11-28 12:37:45] Received message from ('::1', 65411, 0, 0): {"command": "find_primary", "topic": "sports", "ttl": 1}
[2024-11-28 12:37:49] Received message from ('::1', 65445, 0, 0): {"command": "find_primary", "topic": "sports"}
[2024-11-28 12:37:49] Received message from ('::1', 65451, 0, 0): {"command": "find_primary", "topic": "sports", "ttl": 3}
[2024-11-28 12:37:49] Received message from ('::1', 65453, 0, 0): {"command": "find_primary", "topic": "sports", "ttl": 1}
[2024-11-28 12:37:50] Received message from ('::1', 65472, 0, 0): {"command": "delete_topic", "topic": "sports"}
[2024-11-28 12:37:50] Primary for topic 'sports' not found locally. Forwarding request to neighbors.
[2024-11-28 12:37:50] Received message from ('::1', 65474, 0, 0): {"command": "find_primary", "topic": "sports", "ttl": 4}
[2024-11-28 12:37:50] Received message from ('::1', 65476, 0, 0): {"command": "find_primary", "topic": "sports", "ttl": 2}
[2024-11-28 12:37:50] Received message from ('::1', 65478, 0, 0): {"command": "find_primary", "topic": "sports", "ttl": 0}
[2024-11-28 12:37:50] Topic Node in delete topic function is: 110
[2024-11-28 12:43:29] Peer node 000 shut down.
