[2024-11-28 12:37:19] Peer node 100 started on localhost:5559
[2024-11-28 12:37:21] Received message from ('::1', 65044, 0, 0): {"command": "route", "target_node_id": "100", "original_request": {"command": "remove_offline_node", "online_node": "100"}}
[2024-11-28 12:37:21] Removed node: 100 from offiline nodes set because it came online set()
[2024-11-28 12:37:21] Received message from ('::1', 65045, 0, 0): {"command": "route", "target_node_id": "101", "original_request": {"command": "remove_offline_node", "online_node": "100"}}
[2024-11-28 12:37:22] Received message from ('::1', 65053, 0, 0): {"command": "route", "target_node_id": "110", "original_request": {"command": "remove_offline_node", "online_node": "100"}}
[2024-11-28 12:37:25] Received message from ('::1', 65075, 0, 0): {"command": "route", "target_node_id": "100", "original_request": {"command": "remove_offline_node", "online_node": "110"}}
[2024-11-28 12:37:25] Removed node: 110 from offiline nodes set because it came online set()
[2024-11-28 12:37:25] Received message from ('::1', 65077, 0, 0): {"command": "route", "target_node_id": "101", "original_request": {"command": "remove_offline_node", "online_node": "110"}}
[2024-11-28 12:37:25] Received message from ('::1', 65082, 0, 0): {"command": "route", "target_node_id": "111", "original_request": {"command": "remove_offline_node", "online_node": "100"}}
[2024-11-28 12:37:26] Received message from ('::1', 65091, 0, 0): {"command": "route", "target_node_id": "100", "original_request": {"command": "add_offline_node", "failed_node": "111"}}
[2024-11-28 12:37:26] Added Failed node to offline nodes set : 111, {'111'}
[2024-11-28 12:37:30] Received message from ('::1', 65117, 0, 0): {"command": "route", "target_node_id": "100", "original_request": {"command": "remove_offline_node", "online_node": "111"}}
[2024-11-28 12:37:30] Removed node: 111 from offiline nodes set because it came online set()
[2024-11-28 12:37:30] Received message from ('::1', 65129, 0, 0): {"command": "route", "target_node_id": "100", "original_request": {"command": "remove_offline_node", "online_node": "011"}}
[2024-11-28 12:37:30] Removed node: 011 from offiline nodes set because it came online set()
[2024-11-28 12:37:31] Received message from ('::1', 65147, 0, 0): {"command": "route", "target_node_id": "100", "original_request": {"command": "remove_offline_node", "online_node": "111"}}
[2024-11-28 12:37:31] Removed node: 111 from offiline nodes set because it came online set()
[2024-11-28 12:37:33] Received message from ('::1', 65156, 0, 0): {"command": "route", "target_node_id": "110", "original_request": {"command": "create_topic", "topic": "sports"}}
[2024-11-28 12:37:33] Received message from ('::1', 65160, 0, 0): {"command": "route", "target_node_id": "100", "original_request": {"command": "replicate_topic", "topic": "sports", "primary_node_id": "110", "neighbors": ["111", "100", "010"]}}
[2024-11-28 12:37:33] Replicated topic 'sports' on node 100
[2024-11-28 12:37:33] Received message from ('::1', 65176, 0, 0): {"command": "route", "target_node_id": "100", "original_request": {"command": "replicate_subscriber", "topic": "sports", "subscriber_host": "localhost", "subscriber_port": 5557, "subscriber_node_id": "010"}}
[2024-11-28 12:37:33] Replicated subscriber to topic: sports and the table is {'sports': {('localhost', 5557, '010')}}
[2024-11-28 12:37:33] Received message from ('::1', 65182, 0, 0): {"command": "route", "target_node_id": "100", "original_request": {"command": "replicate_subscriber", "topic": "sports", "subscriber_host": "localhost", "subscriber_port": 5558, "subscriber_node_id": "011"}}
[2024-11-28 12:37:33] Replicated subscriber to topic: sports and the table is {'sports': {('localhost', 5557, '010'), ('localhost', 5558, '011')}}
[2024-11-28 12:37:33] Received message from ('::1', 65194, 0, 0): {"command": "route", "target_node_id": "100", "original_request": {"command": "replicate_subscriber", "topic": "sports", "subscriber_host": "localhost", "subscriber_port": 5556, "subscriber_node_id": "001"}}
[2024-11-28 12:37:33] Replicated subscriber to topic: sports and the table is {'sports': {('localhost', 5557, '010'), ('localhost', 5558, '011'), ('localhost', 5556, '001')}}
[2024-11-28 12:37:35] Received message from ('::1', 65236, 0, 0): {"command": "route", "target_node_id": "110", "original_request": {"command": "publish", "topic": "sports", "message": "Team A won!"}}
[2024-11-28 12:37:36] Received message from ('::1', 65252, 0, 0): {"command": "route", "target_node_id": "110", "original_request": {"command": "publish", "topic": "sports", "message": "Game scheduled for tomorrow."}}
[2024-11-28 12:37:37] Received message from ('::1', 65283, 0, 0): {"command": "route", "target_node_id": "110", "original_request": {"command": "publish", "topic": "sports", "message": "Exciting match ahead!"}}
[2024-11-28 12:37:38] Received message from ('::1', 65314, 0, 0): {"command": "route", "target_node_id": "100", "original_request": {"command": "remove_offline_node", "online_node": "000"}}
[2024-11-28 12:37:38] Removed node: 000 from offiline nodes set because it came online set()
[2024-11-28 12:37:43] Received message from ('::1', 65373, 0, 0): {"command": "route", "target_node_id": "110", "original_request": {"command": "publish", "topic": "sports", "message": "New primary works!"}}
[2024-11-28 12:37:44] Received message from ('::1', 65389, 0, 0): {"command": "route", "target_node_id": "110", "original_request": {"command": "publish", "topic": "sports", "message": "Match postponed."}}
[2024-11-28 12:37:50] Received message from ('::1', 65480, 0, 0): {"command": "route", "target_node_id": "110", "original_request": {"command": "delete_topic", "topic": "sports"}}
[2024-11-28 12:43:38] Failed to route message to 000: [WinError 1225] The remote computer refused the network connection
[2024-11-28 12:43:42] Failed to route message to 000: [WinError 1225] The remote computer refused the network connection
[2024-11-28 12:43:42] Received message from ('::1', 3177, 0, 0): {"command": "route", "target_node_id": "100", "original_request": {"command": "add_offline_node", "failed_node": "000"}}
[2024-11-28 12:43:42] Added Failed node to offline nodes set : 000, {'000'}
[2024-11-28 12:43:42] Received message from ('::1', 3179, 0, 0): {"command": "route", "target_node_id": "101", "original_request": {"command": "add_offline_node", "failed_node": "000"}}
[2024-11-28 12:43:45] Received message from ('::1', 3192, 0, 0): {"command": "route", "target_node_id": "100", "original_request": {"command": "add_offline_node", "failed_node": "001"}}
[2024-11-28 12:43:45] Added Failed node to offline nodes set : 001, {'000', '001'}
[2024-11-28 12:43:46] Failed to route message to 000: [WinError 1225] The remote computer refused the network connection
[2024-11-28 12:43:46] Added Failed node to offline nodes set : 000, {'000', '001'}
[2024-11-28 12:43:46] Node 000 went offline going into handle failure node
[2024-11-28 12:43:46] Handling failure of node: 000
[2024-11-28 12:43:46] Error in heartbeat function: [WinError 1225] The remote computer refused the network connection
[2024-11-28 12:43:47] Received message from ('::1', 3212, 0, 0): {"command": "route", "target_node_id": "100", "original_request": {"command": "add_offline_node", "failed_node": "001"}}
[2024-11-28 12:43:47] Added Failed node to offline nodes set : 001, {'000', '001'}
[2024-11-28 12:45:31] Peer node 100 shut down.
