[2024-11-28 12:37:25] Peer node 110 started on localhost:5561
[2024-11-28 12:37:25] Received message from ('::1', 65074, 0, 0): {"command": "route", "target_node_id": "100", "original_request": {"command": "remove_offline_node", "online_node": "110"}}
[2024-11-28 12:37:25] Received message from ('::1', 65076, 0, 0): {"command": "route", "target_node_id": "101", "original_request": {"command": "remove_offline_node", "online_node": "110"}}
[2024-11-28 12:37:25] Received message from ('::1', 65079, 0, 0): {"command": "route", "target_node_id": "110", "original_request": {"command": "remove_offline_node", "online_node": "110"}}
[2024-11-28 12:37:25] Removed node: 110 from offiline nodes set because it came online set()
[2024-11-28 12:37:25] Received message from ('::1', 65080, 0, 0): {"command": "route", "target_node_id": "111", "original_request": {"command": "remove_offline_node", "online_node": "110"}}
[2024-11-28 12:37:25] Received message from ('127.0.0.1', 65065): {"command": "route", "target_node_id": "110", "original_request": {"command": "remove_offline_node", "online_node": "100"}}
[2024-11-28 12:37:25] Removed node: 100 from offiline nodes set because it came online set()
[2024-11-28 12:37:25] Received message from ('::1', 65083, 0, 0): {"command": "route", "target_node_id": "111", "original_request": {"command": "remove_offline_node", "online_node": "100"}}
[2024-11-28 12:37:30] Received message from ('::1', 65119, 0, 0): {"command": "route", "target_node_id": "110", "original_request": {"command": "remove_offline_node", "online_node": "111"}}
[2024-11-28 12:37:30] Removed node: 111 from offiline nodes set because it came online set()
[2024-11-28 12:37:30] Received message from ('::1', 65133, 0, 0): {"command": "route", "target_node_id": "110", "original_request": {"command": "remove_offline_node", "online_node": "011"}}
[2024-11-28 12:37:30] Removed node: 011 from offiline nodes set because it came online set()
[2024-11-28 12:37:31] Received message from ('::1', 65151, 0, 0): {"command": "route", "target_node_id": "110", "original_request": {"command": "remove_offline_node", "online_node": "111"}}
[2024-11-28 12:37:31] Removed node: 111 from offiline nodes set because it came online set()
[2024-11-28 12:37:33] Received message from ('::1', 65157, 0, 0): {"command": "route", "target_node_id": "110", "original_request": {"command": "create_topic", "topic": "sports"}}
[2024-11-28 12:37:33] Created topic: sports on node: 110
[2024-11-28 12:37:33] Neighbor id in create topic function is: 111
[2024-11-28 12:37:33] Neighbor id in create topic function is: 100
[2024-11-28 12:37:33] Neighbor id in create topic function is: 010
[2024-11-28 12:37:33] Received message from ('::1', 65169, 0, 0): {"command": "route", "target_node_id": "110", "original_request": {"command": "subscribe_to_peer", "topic": "sports", "subscriber_host": "localhost", "subscriber_port": 5557, "subscriber_node_id": "010"}}
[2024-11-28 12:37:33] Peer 010 subscribed to topic 'sports'
[2024-11-28 12:37:33] Received message from ('::1', 65175, 0, 0): {"command": "route", "target_node_id": "110", "original_request": {"command": "subscribe_to_peer", "topic": "sports", "subscriber_host": "localhost", "subscriber_port": 5558, "subscriber_node_id": "011"}}
[2024-11-28 12:37:33] Peer 011 subscribed to topic 'sports'
[2024-11-28 12:37:33] Primary for topic 'sports' found locally: 110
[2024-11-28 12:37:33] Received message from ('::1', 65190, 0, 0): {"command": "route", "target_node_id": "110", "original_request": {"command": "subscribe_to_peer", "topic": "sports", "subscriber_host": "localhost", "subscriber_port": 5556, "subscriber_node_id": "001"}}
[2024-11-28 12:37:33] Peer 001 subscribed to topic 'sports'
[2024-11-28 12:37:33] Primary for topic 'sports' found locally: 110
[2024-11-28 12:37:33] Primary for topic 'sports' found locally: 110
[2024-11-28 12:37:35] Received message from ('::1', 65237, 0, 0): {"command": "route", "target_node_id": "110", "original_request": {"command": "publish", "topic": "sports", "message": "Team A won!"}}
[2024-11-28 12:37:35] Primary for topic 'sports' found locally: 110
[2024-11-28 12:37:35] Published message on topic 'sports': Team A won!
[2024-11-28 12:37:35] Sent message to subscriber 001: {"status": "success", "message": "Message 'Team A won!' received on topic 'sports'"}
[2024-11-28 12:37:35] Sent message to subscriber 011: {"status": "success", "message": "Message 'Team A won!' received on topic 'sports'"}
[2024-11-28 12:37:35] Sent message to subscriber 010: {"status": "success", "message": "Message 'Team A won!' received on topic 'sports'"}
[2024-11-28 12:37:36] Received message from ('::1', 65253, 0, 0): {"command": "route", "target_node_id": "110", "original_request": {"command": "publish", "topic": "sports", "message": "Game scheduled for tomorrow."}}
[2024-11-28 12:37:36] Primary for topic 'sports' found locally: 110
[2024-11-28 12:37:36] Published message on topic 'sports': Game scheduled for tomorrow.
[2024-11-28 12:37:36] Sent message to subscriber 001: {"status": "success", "message": "Message 'Game scheduled for tomorrow.' received on topic 'sports'"}
[2024-11-28 12:37:36] Sent message to subscriber 011: {"status": "success", "message": "Message 'Game scheduled for tomorrow.' received on topic 'sports'"}
[2024-11-28 12:37:36] Sent message to subscriber 010: {"status": "success", "message": "Message 'Game scheduled for tomorrow.' received on topic 'sports'"}
[2024-11-28 12:37:37] Primary for topic 'sports' found locally: 110
[2024-11-28 12:37:37] Pulled messages from topic 'sports': ['Team A won!', 'Game scheduled for tomorrow.']
[2024-11-28 12:37:37] Primary for topic 'sports' found locally: 110
[2024-11-28 12:37:37] Received message from ('::1', 65285, 0, 0): {"command": "route", "target_node_id": "110", "original_request": {"command": "publish", "topic": "sports", "message": "Exciting match ahead!"}}
[2024-11-28 12:37:37] Primary for topic 'sports' found locally: 110
[2024-11-28 12:37:37] Published message on topic 'sports': Exciting match ahead!
[2024-11-28 12:37:37] Primary for topic 'sports' found locally: 110
[2024-11-28 12:37:37] Pulled messages from topic 'sports': ['Exciting match ahead!']
[2024-11-28 12:37:37] Sent message to subscriber 001: {"status": "success", "message": "Message 'Exciting match ahead!' received on topic 'sports'"}
[2024-11-28 12:37:37] Sent message to subscriber 011: {"status": "success", "message": "Message 'Exciting match ahead!' received on topic 'sports'"}
[2024-11-28 12:37:37] Sent message to subscriber 010: {"status": "success", "message": "Message 'Exciting match ahead!' received on topic 'sports'"}
[2024-11-28 12:37:38] Received message from ('::1', 65318, 0, 0): {"command": "route", "target_node_id": "110", "original_request": {"command": "remove_offline_node", "online_node": "000"}}
[2024-11-28 12:37:38] Removed node: 000 from offiline nodes set because it came online set()
[2024-11-28 12:37:41] Primary for topic 'sports' found locally: 110
[2024-11-28 12:37:41] Primary for topic 'sports' found locally: 110
[2024-11-28 12:37:41] Primary for topic 'sports' found locally: 110
[2024-11-28 12:37:43] Received message from ('::1', 65374, 0, 0): {"command": "route", "target_node_id": "110", "original_request": {"command": "publish", "topic": "sports", "message": "New primary works!"}}
[2024-11-28 12:37:43] Primary for topic 'sports' found locally: 110
[2024-11-28 12:37:43] Published message on topic 'sports': New primary works!
[2024-11-28 12:37:43] Sent message to subscriber 001: {"status": "success", "message": "Message 'New primary works!' received on topic 'sports'"}
[2024-11-28 12:37:43] Sent message to subscriber 011: {"status": "success", "message": "Message 'New primary works!' received on topic 'sports'"}
[2024-11-28 12:37:43] Sent message to subscriber 010: {"status": "success", "message": "Message 'New primary works!' received on topic 'sports'"}
[2024-11-28 12:37:44] Received message from ('::1', 65390, 0, 0): {"command": "route", "target_node_id": "110", "original_request": {"command": "publish", "topic": "sports", "message": "Match postponed."}}
[2024-11-28 12:37:44] Primary for topic 'sports' found locally: 110
[2024-11-28 12:37:44] Published message on topic 'sports': Match postponed.
[2024-11-28 12:37:44] Sent message to subscriber 001: {"status": "success", "message": "Message 'Match postponed.' received on topic 'sports'"}
[2024-11-28 12:37:44] Sent message to subscriber 011: {"status": "success", "message": "Message 'Match postponed.' received on topic 'sports'"}
[2024-11-28 12:37:44] Sent message to subscriber 010: {"status": "success", "message": "Message 'Match postponed.' received on topic 'sports'"}
[2024-11-28 12:37:45] Primary for topic 'sports' found locally: 110
[2024-11-28 12:37:45] Pulled messages from topic 'sports': ['New primary works!', 'Match postponed.']
[2024-11-28 12:37:45] Primary for topic 'sports' found locally: 110
[2024-11-28 12:37:45] Primary for topic 'sports' found locally: 110
[2024-11-28 12:37:49] Primary for topic 'sports' found locally: 110
[2024-11-28 12:37:49] Primary for topic 'sports' found locally: 110
[2024-11-28 12:37:49] Primary for topic 'sports' found locally: 110
[2024-11-28 12:37:50] Received message from ('::1', 65481, 0, 0): {"command": "route", "target_node_id": "110", "original_request": {"command": "delete_topic", "topic": "sports"}}
[2024-11-28 12:37:50] Primary for topic 'sports' found locally: 110
[2024-11-28 12:43:42] Received message from ('::1', 3176, 0, 0): {"command": "route", "target_node_id": "100", "original_request": {"command": "add_offline_node", "failed_node": "000"}}
[2024-11-28 12:43:42] Received message from ('::1', 3178, 0, 0): {"command": "route", "target_node_id": "101", "original_request": {"command": "add_offline_node", "failed_node": "000"}}
[2024-11-28 12:43:42] Received message from ('::1', 3181, 0, 0): {"command": "route", "target_node_id": "110", "original_request": {"command": "add_offline_node", "failed_node": "000"}}
[2024-11-28 12:43:42] Added Failed node to offline nodes set : 000, {'000'}
[2024-11-28 12:43:42] Received message from ('::1', 3182, 0, 0): {"command": "route", "target_node_id": "111", "original_request": {"command": "add_offline_node", "failed_node": "000"}}
[2024-11-28 12:43:45] Received message from ('::1', 3196, 0, 0): {"command": "route", "target_node_id": "110", "original_request": {"command": "add_offline_node", "failed_node": "001"}}
[2024-11-28 12:43:45] Added Failed node to offline nodes set : 001, {'001', '000'}
[2024-11-28 12:43:46] Received message from ('::1', 3209, 0, 0): {"command": "route", "target_node_id": "110", "original_request": {"command": "add_offline_node", "failed_node": "000"}}
[2024-11-28 12:43:46] Added Failed node to offline nodes set : 000, {'001', '000'}
[2024-11-28 12:43:46] Received message from ('::1', 3210, 0, 0): {"command": "route", "target_node_id": "111", "original_request": {"command": "add_offline_node", "failed_node": "000"}}
[2024-11-28 12:43:47] Received message from ('::1', 3214, 0, 0): {"command": "route", "target_node_id": "110", "original_request": {"command": "add_offline_node", "failed_node": "001"}}
[2024-11-28 12:43:47] Added Failed node to offline nodes set : 001, {'001', '000'}
[2024-11-28 12:45:35] Peer node 110 shut down.
