[2024-11-28 12:37:08] Peer node 001 started on localhost:5556
[2024-11-28 12:37:12] Added Failed node to offline nodes set : 011, {'011'}
[2024-11-28 12:37:17] Failed to route message to 101: [WinError 1225] The remote computer refused the network connection
[2024-11-28 12:37:17] Received message from ('::1', 65015, 0, 0): {"command": "route", "target_node_id": "001", "original_request": {"command": "add_offline_node", "failed_node": "100"}}
[2024-11-28 12:37:17] Added Failed node to offline nodes set : 100, {'100', '011'}
[2024-11-28 12:37:19] Received message from ('::1', 65026, 0, 0): {"command": "route", "target_node_id": "000", "original_request": {"command": "add_offline_node", "failed_node": "111"}}
[2024-11-28 12:37:19] Received message from ('::1', 65028, 0, 0): {"command": "route", "target_node_id": "001", "original_request": {"command": "add_offline_node", "failed_node": "111"}}
[2024-11-28 12:37:19] Added Failed node to offline nodes set : 111, {'111', '100', '011'}
[2024-11-28 12:37:20] Received message from ('::1', 65032, 0, 0): {"command": "route", "target_node_id": "001", "original_request": {"command": "add_offline_node", "failed_node": "110"}}
[2024-11-28 12:37:20] Added Failed node to offline nodes set : 110, {'111', '100', '110', '011'}
[2024-11-28 12:37:21] Failed to route message to 101: [WinError 1225] The remote computer refused the network connection
[2024-11-28 12:37:21] Received message from ('::1', 65040, 0, 0): {"command": "route", "target_node_id": "001", "original_request": {"command": "remove_offline_node", "online_node": "100"}}
[2024-11-28 12:37:21] Removed node: 100 from offiline nodes set because it came online {'111', '110', '011'}
[2024-11-28 12:37:25] Received message from ('::1', 65072, 0, 0): {"command": "route", "target_node_id": "001", "original_request": {"command": "remove_offline_node", "online_node": "110"}}
[2024-11-28 12:37:25] Removed node: 110 from offiline nodes set because it came online {'111', '011'}
[2024-11-28 12:37:26] Received message from ('::1', 65086, 0, 0): {"command": "route", "target_node_id": "000", "original_request": {"command": "add_offline_node", "failed_node": "111"}}
[2024-11-28 12:37:26] Received message from ('::1', 65088, 0, 0): {"command": "route", "target_node_id": "001", "original_request": {"command": "add_offline_node", "failed_node": "111"}}
[2024-11-28 12:37:26] Added Failed node to offline nodes set : 111, {'111', '011'}
[2024-11-28 12:37:26] Received message from ('::1', 65089, 0, 0): {"command": "route", "target_node_id": "010", "original_request": {"command": "add_offline_node", "failed_node": "111"}}
[2024-11-28 12:37:26] Received message from ('::1', 65090, 0, 0): {"command": "route", "target_node_id": "011", "original_request": {"command": "add_offline_node", "failed_node": "111"}}
[2024-11-28 12:37:26] Node 011 went offline going into handle failure node
[2024-11-28 12:37:26] Handling failure of node: 011
[2024-11-28 12:37:26] Error in heartbeat function: [WinError 1225] The remote computer refused the network connection
[2024-11-28 12:37:30] Received message from ('::1', 65112, 0, 0): {"command": "route", "target_node_id": "000", "original_request": {"command": "remove_offline_node", "online_node": "111"}}
[2024-11-28 12:37:30] Received message from ('::1', 65114, 0, 0): {"command": "route", "target_node_id": "001", "original_request": {"command": "remove_offline_node", "online_node": "111"}}
[2024-11-28 12:37:30] Removed node: 111 from offiline nodes set because it came online {'011'}
[2024-11-28 12:37:30] Received message from ('::1', 65115, 0, 0): {"command": "route", "target_node_id": "010", "original_request": {"command": "remove_offline_node", "online_node": "111"}}
[2024-11-28 12:37:30] Received message from ('::1', 65116, 0, 0): {"command": "route", "target_node_id": "011", "original_request": {"command": "remove_offline_node", "online_node": "111"}}
[2024-11-28 12:37:30] Removed node: 011 from offiline nodes set because it came online set()
[2024-11-28 12:37:30] Node 011 that went offline came back online
[2024-11-28 12:37:31] Received message from ('::1', 65141, 0, 0): {"command": "route", "target_node_id": "000", "original_request": {"command": "remove_offline_node", "online_node": "111"}}
[2024-11-28 12:37:31] Received message from ('::1', 65143, 0, 0): {"command": "route", "target_node_id": "001", "original_request": {"command": "remove_offline_node", "online_node": "111"}}
[2024-11-28 12:37:31] Removed node: 111 from offiline nodes set because it came online set()
[2024-11-28 12:37:33] Received message from ('::1', 65164, 0, 0): {"command": "subscribe", "topic": "sports"}
[2024-11-28 12:37:33] Primary for topic 'sports' not found locally. Forwarding request to neighbors.
[2024-11-28 12:37:33] Received message from ('::1', 65170, 0, 0): {"command": "find_primary", "topic": "sports", "ttl": 4}
[2024-11-28 12:37:33] Received message from ('::1', 65174, 0, 0): {"command": "find_primary", "topic": "sports", "ttl": 2}
[2024-11-28 12:37:33] Received message from ('::1', 65179, 0, 0): {"command": "find_primary", "topic": "sports", "ttl": 0}
[2024-11-28 12:37:33] Topic node in susbcribe function is: 110
[2024-11-28 12:37:33] Primary for topic 'sports' not found locally. Forwarding request to neighbors.
[2024-11-28 12:37:33] Received message from ('::1', 65199, 0, 0): {"command": "find_primary", "topic": "sports", "ttl": 4}
[2024-11-28 12:37:33] Received message from ('::1', 65201, 0, 0): {"command": "find_primary", "topic": "sports", "ttl": 2}
[2024-11-28 12:37:33] Received message from ('::1', 65203, 0, 0): {"command": "find_primary", "topic": "sports", "ttl": 0}
[2024-11-28 12:37:35] Received message from ('::1', 65229, 0, 0): {"command": "find_primary", "topic": "sports"}
[2024-11-28 12:37:35] Received message from ('::1', 65231, 0, 0): {"command": "find_primary", "topic": "sports", "ttl": 3}
[2024-11-28 12:37:35] Received message from ('::1', 65233, 0, 0): {"command": "find_primary", "topic": "sports", "ttl": 1}
[2024-11-28 12:37:35] Received message from ('::1', 65238, 0, 0): {"command": "receive_message", "topic": "sports", "message": "Team A won!"}
[2024-11-28 12:37:35] Received message on topic 'sports': Team A won!
[2024-11-28 12:37:36] Received message from ('::1', 65245, 0, 0): {"command": "find_primary", "topic": "sports"}
[2024-11-28 12:37:36] Received message from ('::1', 65247, 0, 0): {"command": "find_primary", "topic": "sports", "ttl": 3}
[2024-11-28 12:37:36] Received message from ('::1', 65249, 0, 0): {"command": "find_primary", "topic": "sports", "ttl": 1}
[2024-11-28 12:37:36] Received message from ('::1', 65254, 0, 0): {"command": "receive_message", "topic": "sports", "message": "Game scheduled for tomorrow."}
[2024-11-28 12:37:36] Received message on topic 'sports': Game scheduled for tomorrow.
[2024-11-28 12:37:37] Primary for topic 'sports' not found locally. Forwarding request to neighbors.
[2024-11-28 12:37:37] Received message from ('::1', 65269, 0, 0): {"command": "find_primary", "topic": "sports"}
[2024-11-28 12:37:37] Received message from ('::1', 65270, 0, 0): {"command": "find_primary", "topic": "sports", "ttl": 4}
[2024-11-28 12:37:37] Received message from ('::1', 65273, 0, 0): {"command": "find_primary", "topic": "sports", "ttl": 3}
[2024-11-28 12:37:37] Received message from ('::1', 65274, 0, 0): {"command": "find_primary", "topic": "sports", "ttl": 2}
[2024-11-28 12:37:37] Received message from ('::1', 65277, 0, 0): {"command": "find_primary", "topic": "sports", "ttl": 1}
[2024-11-28 12:37:37] Received message from ('::1', 65278, 0, 0): {"command": "find_primary", "topic": "sports", "ttl": 0}
[2024-11-28 12:37:37] Received message from ('::1', 65289, 0, 0): {"command": "receive_message", "topic": "sports", "message": "Exciting match ahead!"}
[2024-11-28 12:37:37] Received message on topic 'sports': Exciting match ahead!
[2024-11-28 12:37:38] Received message from ('::1', 65306, 0, 0): {"command": "add_offline_node", "failed_node": "000"}
[2024-11-28 12:37:38] Added Failed node to offline nodes set : 000, {'000'}
[2024-11-28 12:37:38] Removed node: 000 from offiline nodes set because it came online set()
[2024-11-28 12:37:38] Node 000 that went offline came back online
[2024-11-28 12:37:41] Primary for topic 'sports' not found locally. Forwarding request to neighbors.
[2024-11-28 12:37:41] Received message from ('::1', 65336, 0, 0): {"command": "find_primary", "topic": "sports", "ttl": 4}
[2024-11-28 12:37:41] Received message from ('::1', 65341, 0, 0): {"command": "find_primary", "topic": "sports", "ttl": 2}
[2024-11-28 12:37:41] Received message from ('::1', 65344, 0, 0): {"command": "find_primary", "topic": "sports", "ttl": 0}
[2024-11-28 12:37:43] Received message from ('::1', 65366, 0, 0): {"command": "find_primary", "topic": "sports"}
[2024-11-28 12:37:43] Received message from ('::1', 65368, 0, 0): {"command": "find_primary", "topic": "sports", "ttl": 3}
[2024-11-28 12:37:43] Received message from ('::1', 65370, 0, 0): {"command": "find_primary", "topic": "sports", "ttl": 1}
[2024-11-28 12:37:43] Received message from ('::1', 65375, 0, 0): {"command": "receive_message", "topic": "sports", "message": "New primary works!"}
[2024-11-28 12:37:43] Received message on topic 'sports': New primary works!
[2024-11-28 12:37:44] Received message from ('::1', 65382, 0, 0): {"command": "find_primary", "topic": "sports"}
[2024-11-28 12:37:44] Received message from ('::1', 65384, 0, 0): {"command": "find_primary", "topic": "sports", "ttl": 3}
[2024-11-28 12:37:44] Received message from ('::1', 65386, 0, 0): {"command": "find_primary", "topic": "sports", "ttl": 1}
[2024-11-28 12:37:44] Received message from ('::1', 65391, 0, 0): {"command": "receive_message", "topic": "sports", "message": "Match postponed."}
[2024-11-28 12:37:44] Received message on topic 'sports': Match postponed.
[2024-11-28 12:37:45] Primary for topic 'sports' not found locally. Forwarding request to neighbors.
[2024-11-28 12:37:45] Received message from ('::1', 65406, 0, 0): {"command": "find_primary", "topic": "sports", "ttl": 4}
[2024-11-28 12:37:45] Received message from ('::1', 65410, 0, 0): {"command": "find_primary", "topic": "sports", "ttl": 2}
[2024-11-28 12:37:45] Received message from ('::1', 65412, 0, 0): {"command": "find_primary", "topic": "sports", "ttl": 0}
[2024-11-28 12:37:49] Primary for topic 'sports' not found locally. Forwarding request to neighbors.
[2024-11-28 12:37:49] Received message from ('::1', 65448, 0, 0): {"command": "find_primary", "topic": "sports", "ttl": 4}
[2024-11-28 12:37:49] Received message from ('::1', 65452, 0, 0): {"command": "find_primary", "topic": "sports", "ttl": 2}
[2024-11-28 12:37:49] Received message from ('::1', 65454, 0, 0): {"command": "find_primary", "topic": "sports", "ttl": 0}
[2024-11-28 12:37:50] Received message from ('::1', 65473, 0, 0): {"command": "find_primary", "topic": "sports"}
[2024-11-28 12:37:50] Received message from ('::1', 65475, 0, 0): {"command": "find_primary", "topic": "sports", "ttl": 3}
[2024-11-28 12:37:50] Received message from ('::1', 65477, 0, 0): {"command": "find_primary", "topic": "sports", "ttl": 1}
[2024-11-28 12:43:32] Peer node 001 shut down.
